Using pre-set license
Built from '2020.3/release' branch; Version is '2020.3.12f1 (b3b2c6512326) revision 11776710'; Using compiler version '192528614'; Build Type 'Release'
OS: 'Windows 10 Pro; OS build 19042.1083; Version 2009; 64bit' Language: 'en' Physical Memory: 16319 MB
BatchMode: 1, IsHumanControllingUs: 0, StartBugReporterOnCrash: 0, Is64bit: 1, IsPro: 0

 COMMAND LINE ARGUMENTS:
C:\Program Files\Unity\Hub\Editor\2020.3.12f1\Editor\Unity.exe
-adb2
-batchMode
-noUpm
-name
AssetImportWorker0
-projectPath
D:/Documents/FlyingWhales
-logFile
Logs/AssetImportWorker0.log
-srvPort
49557
Successfully changed project path to: D:/Documents/FlyingWhales
D:/Documents/FlyingWhales
Using Asset Import Pipeline V2.
Refreshing native plugins compatible for Editor in 191.68 ms, found 4 plugins.
Preloading 1 native plugins for Editor in 0.54 ms.
Initialize engine version: 2020.3.12f1 (b3b2c6512326)
[Subsystems] Discovering subsystems at path C:/Program Files/Unity/Hub/Editor/2020.3.12f1/Editor/Data/Resources/UnitySubsystems
[Subsystems] Discovering subsystems at path D:/Documents/FlyingWhales/Assets
GfxDevice: creating device client; threaded=0
Direct3D:
    Version:  Direct3D 11.0 [level 11.1]
    Renderer: NVIDIA GeForce RTX 2060 SUPER (ID=0x1f06)
    Vendor:   
    VRAM:     8031 MB
    Driver:   27.21.14.6663
Shader 'Universal Render Pipeline/Particles/Lit': fallback shader 'Universal Render Pipeline/Particles/SimpleLit' not found
Initialize mono
Mono path[0] = 'C:/Program Files/Unity/Hub/Editor/2020.3.12f1/Editor/Data/Managed'
Mono path[1] = 'C:/Program Files/Unity/Hub/Editor/2020.3.12f1/Editor/Data/MonoBleedingEdge/lib/mono/unityjit'
Mono config path = 'C:/Program Files/Unity/Hub/Editor/2020.3.12f1/Editor/Data/MonoBleedingEdge/etc'
Using monoOptions --debugger-agent=transport=dt_socket,embedding=1,server=y,suspend=n,address=127.0.0.1:56708
Begin MonoManager ReloadAssembly
Registering precompiled unity dll's ...
Register platform support module: C:/Program Files/Unity/Hub/Editor/2020.3.12f1/Editor/Data/PlaybackEngines/WindowsStandaloneSupport/UnityEditor.WindowsStandalone.Extensions.dll
Registered in 0.002206 seconds.
Native extension for WindowsStandalone target not found
Refreshing native plugins compatible for Editor in 182.38 ms, found 4 plugins.
Preloading 1 native plugins for Editor in 0.03 ms.
Mono: successfully reloaded assembly
- Completed reload, in  2.235 seconds
Platform modules already initialized, skipping
Registering precompiled user dll's ...
Registered in 0.018191 seconds.
Begin MonoManager ReloadAssembly
Native extension for WindowsStandalone target not found
Refreshing native plugins compatible for Editor in 177.63 ms, found 4 plugins.
Preloading 1 native plugins for Editor in 0.03 ms.
Mono: successfully reloaded assembly
- Completed reload, in  1.821 seconds
Platform modules already initialized, skipping
========================================================================
Worker process is ready to serve import requests
Shader 'Universal Render Pipeline/Particles/Lit': fallback shader 'Universal Render Pipeline/Particles/SimpleLit' not found
Launched and connected shader compiler UnityShaderCompiler.exe after 0.08 seconds
Refreshing native plugins compatible for Editor in 2.04 ms, found 4 plugins.
Preloading 1 native plugins for Editor in 0.04 ms.
Unloading 8354 Unused Serialized files (Serialized files now loaded: 0)
System memory in use before: 304.6 MB.
System memory in use after: 305.1 MB.

Unloading 81 unused Assets to reduce memory usage. Loaded Objects now: 8756.
Total: 6.998600 ms (FindLiveObjects: 0.701500 ms CreateObjectMapping: 0.560200 ms MarkObjects: 5.640100 ms  DeleteObjects: 0.095600 ms)

AssetImportParameters requested are different than current active one (requested -> active):
  custom:framework-win-MediaFoundation: 216162199b28c13a410421893ffa2e32 -> 
  custom:video-decoder-ogg-theora: a1e56fd34408186e4bbccfd4996cb3dc -> 
  custom:container-muxer-webm: aa71ff27fc2769a1b78a27578f13a17b -> 
  custom:container-demuxer-webm: 4f35f7cbe854078d1ac9338744f61a02 -> 
  custom:container-demuxer-ogg: 62fdf1f143b41e24485cea50d1cbac27 -> 
  custom:video-encoder-webm-vp8: eb34c28f22e8b96e1ab97ce403110664 -> 
  custom:video-codec-MediaFoundation-h265: 746d11721c4dcdbdad8f713fa42b33f4 -> 
  custom:video-decoder-webm-vp8: 9c59270c3fd7afecdb556c50c9e8de78 -> 
  custom:audio-decoder-ogg-vorbis: bf7c407c2cedff20999df2af8eb42d56 -> 
  custom:audio-encoder-webm-vorbis: bf7c407c2cedff20999df2af8eb42d56 -> 
========================================================================
Received Import Request.
  path: Assets/Scripts/Player/Skills/Schemes/LeaveHomeData.cs
  artifactKey: Guid(b711fcea1b4f9ec489e9ba1253ca40fc) Importer(815301076,1909f56bfc062723c751e8b465ee728b)
Start importing Assets/Scripts/Player/Skills/Schemes/LeaveHomeData.cs using Guid(b711fcea1b4f9ec489e9ba1253ca40fc) Importer(815301076,1909f56bfc062723c751e8b465ee728b)  -> (artifact id: '176ce0e57c4180228141bb7e97346bfd') in 0.038499 seconds 
  Import took 0.075959 seconds .

========================================================================
Received Import Request.
  Time since last request: 19.242429 seconds.
  path: Assets/Scripts/Player/Skills/Schemes/LeaveVillageData.cs
  artifactKey: Guid(e19eff8cf8fa9d9468eb8b3104f3fb4a) Importer(815301076,1909f56bfc062723c751e8b465ee728b)
Start importing Assets/Scripts/Player/Skills/Schemes/LeaveVillageData.cs using Guid(e19eff8cf8fa9d9468eb8b3104f3fb4a) Importer(815301076,1909f56bfc062723c751e8b465ee728b)  -> (artifact id: 'd832e060e6b3ddce53cf2b2601894419') in 0.005970 seconds 
  Import took 0.036336 seconds .

========================================================================
Received Import Request.
  Time since last request: 32.719530 seconds.
  path: Assets/Scripts/Player/Skills/Schemes/OverthrowLeaderData.cs
  artifactKey: Guid(9f333f5eed8ce4b499b37be7587c3c53) Importer(815301076,1909f56bfc062723c751e8b465ee728b)
Start importing Assets/Scripts/Player/Skills/Schemes/OverthrowLeaderData.cs using Guid(9f333f5eed8ce4b499b37be7587c3c53) Importer(815301076,1909f56bfc062723c751e8b465ee728b)  -> (artifact id: '93617e73205e577f64399f549d394a4d') in 0.005725 seconds 
  Import took 0.026938 seconds .

========================================================================
Received Import Request.
  Time since last request: 27.550957 seconds.
  path: Assets/Scripts/Player/Skills/Schemes/RebellionData.cs
  artifactKey: Guid(9333c1443b3d0b246b56274a5c78d134) Importer(815301076,1909f56bfc062723c751e8b465ee728b)
Start importing Assets/Scripts/Player/Skills/Schemes/RebellionData.cs using Guid(9333c1443b3d0b246b56274a5c78d134) Importer(815301076,1909f56bfc062723c751e8b465ee728b)  -> (artifact id: '39afee19dc2cfb7302b162d84e0af21d') in 0.008892 seconds 
  Import took 0.021190 seconds .

========================================================================
Received Prepare
Registering precompiled user dll's ...
Registered in 0.009751 seconds.
Begin MonoManager ReloadAssembly
Native extension for WindowsStandalone target not found
Refreshing native plugins compatible for Editor in 2.25 ms, found 4 plugins.
Preloading 1 native plugins for Editor in 0.05 ms.
Mono: successfully reloaded assembly
- Completed reload, in  1.680 seconds
Platform modules already initialized, skipping
Shader 'Universal Render Pipeline/Particles/Lit': fallback shader 'Universal Render Pipeline/Particles/SimpleLit' not found
Refreshing native plugins compatible for Editor in 2.31 ms, found 4 plugins.
Preloading 1 native plugins for Editor in 0.09 ms.
Unloading 8120 Unused Serialized files (Serialized files now loaded: 0)
System memory in use before: 288.0 MB.
System memory in use after: 288.6 MB.

Unloading 72 unused Assets to reduce memory usage. Loaded Objects now: 8759.
Total: 7.145000 ms (FindLiveObjects: 0.672800 ms CreateObjectMapping: 0.489800 ms MarkObjects: 5.941300 ms  DeleteObjects: 0.039900 ms)

AssetImportParameters requested are different than current active one (requested -> active):
  custom:framework-win-MediaFoundation: 216162199b28c13a410421893ffa2e32 -> 
  custom:video-decoder-ogg-theora: a1e56fd34408186e4bbccfd4996cb3dc -> 
  custom:container-muxer-webm: aa71ff27fc2769a1b78a27578f13a17b -> 
  custom:container-demuxer-webm: 4f35f7cbe854078d1ac9338744f61a02 -> 
  custom:container-demuxer-ogg: 62fdf1f143b41e24485cea50d1cbac27 -> 
  custom:video-encoder-webm-vp8: eb34c28f22e8b96e1ab97ce403110664 -> 
  custom:video-codec-MediaFoundation-h265: 746d11721c4dcdbdad8f713fa42b33f4 -> 
  custom:video-decoder-webm-vp8: 9c59270c3fd7afecdb556c50c9e8de78 -> 
  custom:audio-decoder-ogg-vorbis: bf7c407c2cedff20999df2af8eb42d56 -> 
  custom:audio-encoder-webm-vorbis: bf7c407c2cedff20999df2af8eb42d56 -> 
========================================================================
Received Import Request.
  Time since last request: 375.010174 seconds.
  path: Assets/Scripts/Player/Skills/Player Actions/AgitateData.cs
  artifactKey: Guid(a3924889ce714ab4da097daafe835162) Importer(815301076,1909f56bfc062723c751e8b465ee728b)
Start importing Assets/Scripts/Player/Skills/Player Actions/AgitateData.cs using Guid(a3924889ce714ab4da097daafe835162) Importer(815301076,1909f56bfc062723c751e8b465ee728b)  -> (artifact id: '1bba9400a9e3ab10186cd84743d2de02') in 0.015477 seconds 
  Import took 0.045887 seconds .

========================================================================
Received Import Request.
  Time since last request: 0.665392 seconds.
  path: Assets/Scripts/Player/Skills/Player Actions/BrainwashData.cs
  artifactKey: Guid(d8c26731dd1e40cb9e8421f97bcaf501) Importer(815301076,1909f56bfc062723c751e8b465ee728b)
Start importing Assets/Scripts/Player/Skills/Player Actions/BrainwashData.cs using Guid(d8c26731dd1e40cb9e8421f97bcaf501) Importer(815301076,1909f56bfc062723c751e8b465ee728b)  -> (artifact id: '1c972c846f4517eead3ffc5336ef379f') in 0.005714 seconds 
  Import took 0.034172 seconds .

========================================================================
Received Import Request.
  Time since last request: 0.754465 seconds.
  path: Assets/Scripts/Player/Skills/Player Actions/BreedMonsterData.cs
  artifactKey: Guid(c719bbcca2b6c87418163ac94671633d) Importer(815301076,1909f56bfc062723c751e8b465ee728b)
Start importing Assets/Scripts/Player/Skills/Player Actions/BreedMonsterData.cs using Guid(c719bbcca2b6c87418163ac94671633d) Importer(815301076,1909f56bfc062723c751e8b465ee728b)  -> (artifact id: '3c460ace4a6e18186dafdb98ab7a3a8d') in 0.005814 seconds 
  Import took 0.026437 seconds .

========================================================================
Received Import Request.
  Time since last request: 0.151814 seconds.
  path: Assets/Scripts/Player/Skills/Player Actions/BuildDemonicStructureData.cs
  artifactKey: Guid(bb9284953487bdf42a622dd22e1317cc) Importer(815301076,1909f56bfc062723c751e8b465ee728b)
Start importing Assets/Scripts/Player/Skills/Player Actions/BuildDemonicStructureData.cs using Guid(bb9284953487bdf42a622dd22e1317cc) Importer(815301076,1909f56bfc062723c751e8b465ee728b)  -> (artifact id: '8b16052e9016ba2a33a069769554b352') in 0.005711 seconds 
  Import took 0.050904 seconds .

========================================================================
Received Import Request.
  Time since last request: 0.140399 seconds.
  path: Assets/Scripts/Player/Skills/Player Actions/CreateBlackmailData.cs
  artifactKey: Guid(74c83f9e781747029d8a5a4ac5b88242) Importer(815301076,1909f56bfc062723c751e8b465ee728b)
Start importing Assets/Scripts/Player/Skills/Player Actions/CreateBlackmailData.cs using Guid(74c83f9e781747029d8a5a4ac5b88242) Importer(815301076,1909f56bfc062723c751e8b465ee728b)  -> (artifact id: '5fcc23be77726ac467636d5692239199') in 0.005898 seconds 
  Import took 0.038126 seconds .

========================================================================
Received Import Request.
  Time since last request: 0.969019 seconds.
  path: Assets/Scripts/Player/Skills/Player Actions/CultistBoobyTrapData.cs
  artifactKey: Guid(14112d02ab5e4cf39d769e1a5ff45e02) Importer(815301076,1909f56bfc062723c751e8b465ee728b)
Start importing Assets/Scripts/Player/Skills/Player Actions/CultistBoobyTrapData.cs using Guid(14112d02ab5e4cf39d769e1a5ff45e02) Importer(815301076,1909f56bfc062723c751e8b465ee728b)  -> (artifact id: '859bd7a7beeff0b81de1de37a3574fdb') in 0.016123 seconds 
  Import took 0.050817 seconds .

========================================================================
Received Import Request.
  Time since last request: 0.120209 seconds.
  path: Assets/Scripts/Player/Skills/Player Actions/CultistJoinFactionData.cs
  artifactKey: Guid(2a4480a8bcba1b144bf9266e886e3661) Importer(815301076,1909f56bfc062723c751e8b465ee728b)
Start importing Assets/Scripts/Player/Skills/Player Actions/CultistJoinFactionData.cs using Guid(2a4480a8bcba1b144bf9266e886e3661) Importer(815301076,1909f56bfc062723c751e8b465ee728b)  -> (artifact id: '33d64e96e6f586035f14568e90d94f4d') in 0.005671 seconds 
  Import took 0.044331 seconds .

========================================================================
Received Import Request.
  Time since last request: 0.174253 seconds.
  path: Assets/Scripts/Player/Skills/Player Actions/CultistPoisonData.cs
  artifactKey: Guid(ed99636540bd4758b01c07c1b168c907) Importer(815301076,1909f56bfc062723c751e8b465ee728b)
Start importing Assets/Scripts/Player/Skills/Player Actions/CultistPoisonData.cs using Guid(ed99636540bd4758b01c07c1b168c907) Importer(815301076,1909f56bfc062723c751e8b465ee728b)  -> (artifact id: '03bf675e178a3ef4ddc4585198acbf03') in 0.005442 seconds 
  Import took 0.046249 seconds .

========================================================================
Received Import Request.
  Time since last request: 0.461793 seconds.
  path: Assets/Scripts/Player/Skills/Player Actions/CultistTransformData.cs
  artifactKey: Guid(d45c697221664fddb689bd81e11c881f) Importer(815301076,1909f56bfc062723c751e8b465ee728b)
Start importing Assets/Scripts/Player/Skills/Player Actions/CultistTransformData.cs using Guid(d45c697221664fddb689bd81e11c881f) Importer(815301076,1909f56bfc062723c751e8b465ee728b)  -> (artifact id: '288d10b367385a201c558d9c0d42236e') in 0.008658 seconds 
  Import took 0.033671 seconds .

========================================================================
Received Import Request.
  Time since last request: 0.000270 seconds.
  path: Assets/Scripts/Player/Skills/Player Actions/DefendData.cs
  artifactKey: Guid(eb7b298e678d42d28c3425ae1799b1d7) Importer(815301076,1909f56bfc062723c751e8b465ee728b)
Start importing Assets/Scripts/Player/Skills/Player Actions/DefendData.cs using Guid(eb7b298e678d42d28c3425ae1799b1d7) Importer(815301076,1909f56bfc062723c751e8b465ee728b)  -> (artifact id: '628e8bec4cdb995fd3094e502c4e8f03') in 0.006021 seconds 
  Import took 0.030261 seconds .

========================================================================
Received Import Request.
  Time since last request: 0.004076 seconds.
  path: Assets/Scripts/Player/Skills/Player Actions/DestroyData.cs
  artifactKey: Guid(f8f8c87ee4200e441a3514299fcb76de) Importer(815301076,1909f56bfc062723c751e8b465ee728b)
Start importing Assets/Scripts/Player/Skills/Player Actions/DestroyData.cs using Guid(f8f8c87ee4200e441a3514299fcb76de) Importer(815301076,1909f56bfc062723c751e8b465ee728b)  -> (artifact id: '9be181fed7f85b0beed40221fcb2b34a') in 0.006960 seconds 
  Import took 0.023097 seconds .

========================================================================
Received Import Request.
  Time since last request: 0.025487 seconds.
  path: Assets/Scripts/Player/Skills/Player Actions/DestroyEyeWardData.cs
  artifactKey: Guid(023dfb59d33e92348bd19c1b85cadc9e) Importer(815301076,1909f56bfc062723c751e8b465ee728b)
Start importing Assets/Scripts/Player/Skills/Player Actions/DestroyEyeWardData.cs using Guid(023dfb59d33e92348bd19c1b85cadc9e) Importer(815301076,1909f56bfc062723c751e8b465ee728b)  -> (artifact id: 'bbbd8e5790f90f6ce53c037b8f376648') in 0.006685 seconds 
  Import took 0.022929 seconds .

========================================================================
Received Import Request.
  Time since last request: 0.014400 seconds.
  path: Assets/Scripts/Player/Skills/Player Actions/DestroyStructureData.cs
  artifactKey: Guid(c041b172780f4f44b92ae4cc36d01310) Importer(815301076,1909f56bfc062723c751e8b465ee728b)
Start importing Assets/Scripts/Player/Skills/Player Actions/DestroyStructureData.cs using Guid(c041b172780f4f44b92ae4cc36d01310) Importer(815301076,1909f56bfc062723c751e8b465ee728b)  -> (artifact id: '66803933bd4995979006f308cf9c0967') in 0.006302 seconds 
  Import took 0.038173 seconds .

========================================================================
Received Import Request.
  Time since last request: 0.022224 seconds.
  path: Assets/Scripts/Player/Skills/Player Actions/EmpowerData.cs
  artifactKey: Guid(e028879c99179c84d8e0dae20afe0f5b) Importer(815301076,1909f56bfc062723c751e8b465ee728b)
Start importing Assets/Scripts/Player/Skills/Player Actions/EmpowerData.cs using Guid(e028879c99179c84d8e0dae20afe0f5b) Importer(815301076,1909f56bfc062723c751e8b465ee728b)  -> (artifact id: '7dea03d89a74a04274d52c64f6142138') in 0.005541 seconds 
  Import took 0.018579 seconds .

========================================================================
Received Import Request.
  Time since last request: 0.019380 seconds.
  path: Assets/Scripts/Player/Skills/Player Actions/EvangelizeData.cs
  artifactKey: Guid(7a8dfbda17e322443a452e333ac83896) Importer(815301076,1909f56bfc062723c751e8b465ee728b)
Start importing Assets/Scripts/Player/Skills/Player Actions/EvangelizeData.cs using Guid(7a8dfbda17e322443a452e333ac83896) Importer(815301076,1909f56bfc062723c751e8b465ee728b)  -> (artifact id: '00092a67fe682855c4c9f28a13ccb09e') in 0.006101 seconds 
  Import took 0.035949 seconds .

========================================================================
Received Import Request.
  Time since last request: 0.004859 seconds.
  path: Assets/Scripts/Player/Skills/Player Actions/ExpelData.cs
  artifactKey: Guid(219fc10cac30dcf4aa415d310fdae908) Importer(815301076,1909f56bfc062723c751e8b465ee728b)
Start importing Assets/Scripts/Player/Skills/Player Actions/ExpelData.cs using Guid(219fc10cac30dcf4aa415d310fdae908) Importer(815301076,1909f56bfc062723c751e8b465ee728b)  -> (artifact id: 'ef43808450b2a2b2c4abc308529654ed') in 0.006358 seconds 
  Import took 0.037381 seconds .

========================================================================
Received Import Request.
  Time since last request: 0.000888 seconds.
  path: Assets/Scripts/Player/Skills/Player Actions/FoundCultData.cs
  artifactKey: Guid(64061e40fd934e41a34d209c1b9570d7) Importer(815301076,1909f56bfc062723c751e8b465ee728b)
Start importing Assets/Scripts/Player/Skills/Player Actions/FoundCultData.cs using Guid(64061e40fd934e41a34d209c1b9570d7) Importer(815301076,1909f56bfc062723c751e8b465ee728b)  -> (artifact id: '7d42cc068b6c91edbe685ded4ae94b20') in 0.005877 seconds 
  Import took 0.028282 seconds .

========================================================================
Received Import Request.
  Time since last request: 0.011915 seconds.
  path: Assets/Scripts/Player/Skills/Player Actions/FullHealData.cs
  artifactKey: Guid(eab6978600e645a29ed866389126ea97) Importer(815301076,1909f56bfc062723c751e8b465ee728b)
Start importing Assets/Scripts/Player/Skills/Player Actions/FullHealData.cs using Guid(eab6978600e645a29ed866389126ea97) Importer(815301076,1909f56bfc062723c751e8b465ee728b)  -> (artifact id: '6e767e69a14c489d7cce9c742af4d9e8') in 0.006248 seconds 
  Import took 0.042381 seconds .

========================================================================
Received Import Request.
  Time since last request: 0.000282 seconds.
  path: Assets/Scripts/Player/Skills/Player Actions/HealData.cs
  artifactKey: Guid(7c1e11c7d7909464cb52f15a6a658d04) Importer(815301076,1909f56bfc062723c751e8b465ee728b)
Start importing Assets/Scripts/Player/Skills/Player Actions/HealData.cs using Guid(7c1e11c7d7909464cb52f15a6a658d04) Importer(815301076,1909f56bfc062723c751e8b465ee728b)  -> (artifact id: 'f7b03bfbe5cf214b3bfec7f820b8333d') in 0.005549 seconds 
  Import took 0.042284 seconds .

========================================================================
Received Import Request.
  Time since last request: 0.000250 seconds.
  path: Assets/Scripts/Player/Skills/Player Actions/IgniteData.cs
  artifactKey: Guid(2b946c082389f8043a52ad78f1c845c5) Importer(815301076,1909f56bfc062723c751e8b465ee728b)
Start importing Assets/Scripts/Player/Skills/Player Actions/IgniteData.cs using Guid(2b946c082389f8043a52ad78f1c845c5) Importer(815301076,1909f56bfc062723c751e8b465ee728b)  -> (artifact id: '439ef660eede1b75bc79e16c04100050') in 0.005927 seconds 
  Import took 0.027792 seconds .

========================================================================
Received Import Request.
  Time since last request: 0.001388 seconds.
  path: Assets/Scripts/Player/Skills/Player Actions/LetGoData.cs
  artifactKey: Guid(21aa5945afdc4b6095343c1c70c4dee8) Importer(815301076,1909f56bfc062723c751e8b465ee728b)
Start importing Assets/Scripts/Player/Skills/Player Actions/LetGoData.cs using Guid(21aa5945afdc4b6095343c1c70c4dee8) Importer(815301076,1909f56bfc062723c751e8b465ee728b)  -> (artifact id: '4e63eafc434e65283514c627726dc821') in 0.005497 seconds 
  Import took 0.030679 seconds .

========================================================================
Received Import Request.
  Time since last request: 0.014292 seconds.
  path: Assets/Scripts/Player/Skills/Player Actions/PoisonData.cs
  artifactKey: Guid(ffbc670a2d81509439bffaf5808a50c1) Importer(815301076,1909f56bfc062723c751e8b465ee728b)
Start importing Assets/Scripts/Player/Skills/Player Actions/PoisonData.cs using Guid(ffbc670a2d81509439bffaf5808a50c1) Importer(815301076,1909f56bfc062723c751e8b465ee728b)  -> (artifact id: '6648177df9813eeaa61d3d9b4de58a81') in 0.006031 seconds 
  Import took 0.018922 seconds .

========================================================================
Received Import Request.
  Time since last request: 0.019414 seconds.
  path: Assets/Scripts/Player/Skills/Player Actions/RaidData.cs
  artifactKey: Guid(73991b01eb5a46cc9343a73551858f1a) Importer(815301076,1909f56bfc062723c751e8b465ee728b)
Start importing Assets/Scripts/Player/Skills/Player Actions/RaidData.cs using Guid(73991b01eb5a46cc9343a73551858f1a) Importer(815301076,1909f56bfc062723c751e8b465ee728b)  -> (artifact id: '73e50154774e0d9ff57a2c9d52e117b6') in 0.007489 seconds 
  Import took 0.052530 seconds .

========================================================================
Received Import Request.
  Time since last request: 0.000263 seconds.
  path: Assets/Scripts/Player/Skills/Player Actions/RaiseDeadData.cs
  artifactKey: Guid(0b3d1d59d8316f84d8db9b42243fac4b) Importer(815301076,1909f56bfc062723c751e8b465ee728b)
Start importing Assets/Scripts/Player/Skills/Player Actions/RaiseDeadData.cs using Guid(0b3d1d59d8316f84d8db9b42243fac4b) Importer(815301076,1909f56bfc062723c751e8b465ee728b)  -> (artifact id: '33abe91ffa126729a90a5ff06dc86e2c') in 0.005447 seconds 
  Import took 0.028649 seconds .

========================================================================
Received Import Request.
  Time since last request: 0.000268 seconds.
  path: Assets/Scripts/Player/Skills/Player Actions/ReleaseAbilitiesData.cs
  artifactKey: Guid(416c1249b12e41f6ae314c0066f7491a) Importer(815301076,1909f56bfc062723c751e8b465ee728b)
Start importing Assets/Scripts/Player/Skills/Player Actions/ReleaseAbilitiesData.cs using Guid(416c1249b12e41f6ae314c0066f7491a) Importer(815301076,1909f56bfc062723c751e8b465ee728b)  -> (artifact id: '6aadb29ef71440e9c7a7b07aa44a917d') in 0.006048 seconds 
  Import took 0.049904 seconds .

========================================================================
Received Import Request.
  Time since last request: 0.000226 seconds.
  path: Assets/Scripts/Player/Skills/Player Actions/ReleaseData.cs
  artifactKey: Guid(2d1693618c308664b8d8180b3fe92ead) Importer(815301076,1909f56bfc062723c751e8b465ee728b)
Start importing Assets/Scripts/Player/Skills/Player Actions/ReleaseData.cs using Guid(2d1693618c308664b8d8180b3fe92ead) Importer(815301076,1909f56bfc062723c751e8b465ee728b)  -> (artifact id: '63340250d91ba1f34e9d06ff5eb45fa1') in 0.005537 seconds 
  Import took 0.021745 seconds .

========================================================================
Received Import Request.
  Time since last request: 0.009733 seconds.
  path: Assets/Scripts/Player/Skills/Player Actions/RemoveBuffData.cs
  artifactKey: Guid(9cf0ffac83630e34582737dcbf493f92) Importer(815301076,1909f56bfc062723c751e8b465ee728b)
Start importing Assets/Scripts/Player/Skills/Player Actions/RemoveBuffData.cs using Guid(9cf0ffac83630e34582737dcbf493f92) Importer(815301076,1909f56bfc062723c751e8b465ee728b)  -> (artifact id: '6d654b0094ea878a4cd6ea0fc955a78b') in 0.005880 seconds 
  Import took 0.037545 seconds .

========================================================================
Received Import Request.
  Time since last request: 0.002825 seconds.
  path: Assets/Scripts/Player/Skills/Player Actions/RemoveFlawData.cs
  artifactKey: Guid(50da311a162f63a459e746e35bf0e6f3) Importer(815301076,1909f56bfc062723c751e8b465ee728b)
Start importing Assets/Scripts/Player/Skills/Player Actions/RemoveFlawData.cs using Guid(50da311a162f63a459e746e35bf0e6f3) Importer(815301076,1909f56bfc062723c751e8b465ee728b)  -> (artifact id: '78781b65d23d40dcd8f039666b3e7bff') in 0.016968 seconds 
  Import took 0.044898 seconds .

========================================================================
Received Import Request.
  Time since last request: 0.000272 seconds.
  path: Assets/Scripts/Player/Skills/Player Actions/RepairData.cs
  artifactKey: Guid(837787c4abc207045bb7036282c164e1) Importer(815301076,1909f56bfc062723c751e8b465ee728b)
Start importing Assets/Scripts/Player/Skills/Player Actions/RepairData.cs using Guid(837787c4abc207045bb7036282c164e1) Importer(815301076,1909f56bfc062723c751e8b465ee728b)  -> (artifact id: '0677d25ce31bbd0993bfd57ab00fad0e') in 0.005986 seconds 
  Import took 0.032794 seconds .

========================================================================
Received Import Request.
  Time since last request: 0.002794 seconds.
  path: Assets/Scripts/Player/Skills/Player Actions/SchemeData.cs
  artifactKey: Guid(228ce1aaad71f0a498ac7a4e851f5b45) Importer(815301076,1909f56bfc062723c751e8b465ee728b)
Start importing Assets/Scripts/Player/Skills/Player Actions/SchemeData.cs using Guid(228ce1aaad71f0a498ac7a4e851f5b45) Importer(815301076,1909f56bfc062723c751e8b465ee728b)  -> (artifact id: '48a482d093222506328b7862b367ba63') in 0.005722 seconds 
  Import took 0.019262 seconds .

========================================================================
Received Import Request.
  Time since last request: 0.008060 seconds.
  path: Assets/Scripts/Player/Skills/Player Actions/SchemeData.cs
  artifactKey: Guid(228ce1aaad71f0a498ac7a4e851f5b45) Importer(815301076,1909f56bfc062723c751e8b465ee728b)
Start importing Assets/Scripts/Player/Skills/Player Actions/SchemeData.cs using Guid(228ce1aaad71f0a498ac7a4e851f5b45) Importer(815301076,1909f56bfc062723c751e8b465ee728b)  -> (artifact id: '48a482d093222506328b7862b367ba63') in 0.001704 seconds 
  Import took 0.014775 seconds .

========================================================================
Received Import Request.
  Time since last request: 0.022134 seconds.
  path: Assets/Scripts/Player/Skills/Player Actions/SeizeCharacterData.cs
  artifactKey: Guid(a19d8c857959b4e429a1aea83381210d) Importer(815301076,1909f56bfc062723c751e8b465ee728b)
Start importing Assets/Scripts/Player/Skills/Player Actions/SeizeCharacterData.cs using Guid(a19d8c857959b4e429a1aea83381210d) Importer(815301076,1909f56bfc062723c751e8b465ee728b)  -> (artifact id: '085a7131bb4295ef8ef78d948756e33f') in 0.006009 seconds 
  Import took 0.019159 seconds .

========================================================================
Received Import Request.
  Time since last request: 0.023296 seconds.
  path: Assets/Scripts/Player/Skills/Player Actions/SeizeObjectData.cs
  artifactKey: Guid(4c69673b2f3657f4bbf9e6df05aaf3d5) Importer(815301076,1909f56bfc062723c751e8b465ee728b)
Start importing Assets/Scripts/Player/Skills/Player Actions/SeizeObjectData.cs using Guid(4c69673b2f3657f4bbf9e6df05aaf3d5) Importer(815301076,1909f56bfc062723c751e8b465ee728b)  -> (artifact id: '49d47811a8efb0579dff76a19122a76d') in 0.006547 seconds 
  Import took 0.020697 seconds .

========================================================================
Received Import Request.
  Time since last request: 0.011055 seconds.
  path: Assets/Scripts/Player/Skills/Player Actions/SnatchData.cs
  artifactKey: Guid(6a5525709a9c45718e24b74022007c46) Importer(815301076,1909f56bfc062723c751e8b465ee728b)
Start importing Assets/Scripts/Player/Skills/Player Actions/SnatchData.cs using Guid(6a5525709a9c45718e24b74022007c46) Importer(815301076,1909f56bfc062723c751e8b465ee728b)  -> (artifact id: '538eea475cd8096171734f25c9f22084') in 0.005454 seconds 
  Import took 0.025727 seconds .

========================================================================
Received Import Request.
  Time since last request: 0.013820 seconds.
  path: Assets/Scripts/Player/Skills/Player Actions/SnatchMonsterData.cs
  artifactKey: Guid(4aa6a38aac35421288965f7000fc8297) Importer(815301076,1909f56bfc062723c751e8b465ee728b)
Start importing Assets/Scripts/Player/Skills/Player Actions/SnatchMonsterData.cs using Guid(4aa6a38aac35421288965f7000fc8297) Importer(815301076,1909f56bfc062723c751e8b465ee728b)  -> (artifact id: '8ab115740872b5e925044d10eb32f386') in 0.006123 seconds 
  Import took 0.023439 seconds .

========================================================================
Received Import Request.
  Time since last request: 0.014375 seconds.
  path: Assets/Scripts/Player/Skills/Player Actions/SnatchVillagerData.cs
  artifactKey: Guid(f4ec8b5abd884994b06d8630962ded4e) Importer(815301076,1909f56bfc062723c751e8b465ee728b)
Start importing Assets/Scripts/Player/Skills/Player Actions/SnatchVillagerData.cs using Guid(f4ec8b5abd884994b06d8630962ded4e) Importer(815301076,1909f56bfc062723c751e8b465ee728b)  -> (artifact id: '03f2dda68d68926fb3c8f1373ca7f38e') in 0.006208 seconds 
  Import took 0.019405 seconds .

========================================================================
Received Import Request.
  Time since last request: 0.019637 seconds.
  path: Assets/Scripts/Player/Skills/Player Actions/SpawnEyeWardData.cs
  artifactKey: Guid(594d52ef5b99f424ba13ba20b51da3b6) Importer(815301076,1909f56bfc062723c751e8b465ee728b)
Start importing Assets/Scripts/Player/Skills/Player Actions/SpawnEyeWardData.cs using Guid(594d52ef5b99f424ba13ba20b51da3b6) Importer(815301076,1909f56bfc062723c751e8b465ee728b)  -> (artifact id: '344d6baec96a67face53a37bbd9d8cfe') in 0.005719 seconds 
  Import took 0.018181 seconds .

========================================================================
Received Import Request.
  Time since last request: 0.020526 seconds.
  path: Assets/Scripts/Player/Skills/Player Actions/SpawnPartyData.cs
  artifactKey: Guid(31048d7952710f846a142aa50a90df3f) Importer(815301076,1909f56bfc062723c751e8b465ee728b)
Start importing Assets/Scripts/Player/Skills/Player Actions/SpawnPartyData.cs using Guid(31048d7952710f846a142aa50a90df3f) Importer(815301076,1909f56bfc062723c751e8b465ee728b)  -> (artifact id: '95d0c8317f6332b830fb0043d19bdea4') in 0.005380 seconds 
  Import took 0.023620 seconds .

========================================================================
Received Import Request.
  Time since last request: 0.014917 seconds.
  path: Assets/Scripts/Player/Skills/Player Actions/SpreadRumorData.cs
  artifactKey: Guid(9112b080aade1f04f8a2914146e00c68) Importer(815301076,1909f56bfc062723c751e8b465ee728b)
Start importing Assets/Scripts/Player/Skills/Player Actions/SpreadRumorData.cs using Guid(9112b080aade1f04f8a2914146e00c68) Importer(815301076,1909f56bfc062723c751e8b465ee728b)  -> (artifact id: '76c7164e81649bb2bf3ba0d9322801d6') in 0.005951 seconds 
  Import took 0.018967 seconds .

========================================================================
Received Import Request.
  Time since last request: 0.021930 seconds.
  path: Assets/Scripts/Player/Skills/Player Actions/TortureData.cs
  artifactKey: Guid(b9c11c981184bcd4ab50bcf90db310b9) Importer(815301076,1909f56bfc062723c751e8b465ee728b)
Start importing Assets/Scripts/Player/Skills/Player Actions/TortureData.cs using Guid(b9c11c981184bcd4ab50bcf90db310b9) Importer(815301076,1909f56bfc062723c751e8b465ee728b)  -> (artifact id: '0f94acb6841aa43c5c489c6a6fe71ee5') in 0.006003 seconds 
  Import took 0.025700 seconds .

========================================================================
Received Import Request.
  Time since last request: 0.013260 seconds.
  path: Assets/Scripts/Player/Skills/Player Actions/TriggerFlawData.cs
  artifactKey: Guid(d6533b66400227347a53789fa08e9754) Importer(815301076,1909f56bfc062723c751e8b465ee728b)
Start importing Assets/Scripts/Player/Skills/Player Actions/TriggerFlawData.cs using Guid(d6533b66400227347a53789fa08e9754) Importer(815301076,1909f56bfc062723c751e8b465ee728b)  -> (artifact id: '587d1a304492480469dfc689c4ef804f') in 0.006556 seconds 
  Import took 0.024895 seconds .

========================================================================
Received Import Request.
  Time since last request: 0.015821 seconds.
  path: Assets/Scripts/Player/Skills/Player Actions/UnsummonData.cs
  artifactKey: Guid(fefdcb130d413e64793b94f56f92fe07) Importer(815301076,1909f56bfc062723c751e8b465ee728b)
Start importing Assets/Scripts/Player/Skills/Player Actions/UnsummonData.cs using Guid(fefdcb130d413e64793b94f56f92fe07) Importer(815301076,1909f56bfc062723c751e8b465ee728b)  -> (artifact id: 'b380ede785fe061ca9da59c6d6fd7f50') in 0.006000 seconds 
  Import took 0.019345 seconds .

========================================================================
Received Import Request.
  Time since last request: 0.023527 seconds.
  path: Assets/Scripts/Player/Skills/Player Actions/UpgradeBeholderEyeLevelData.cs
  artifactKey: Guid(486f5a054d5d60446b6e08a76538549e) Importer(815301076,1909f56bfc062723c751e8b465ee728b)
Start importing Assets/Scripts/Player/Skills/Player Actions/UpgradeBeholderEyeLevelData.cs using Guid(486f5a054d5d60446b6e08a76538549e) Importer(815301076,1909f56bfc062723c751e8b465ee728b)  -> (artifact id: '077d22a4a6dee90b1d06de4f21cc04ad') in 0.005927 seconds 
  Import took 0.019635 seconds .

========================================================================
Received Import Request.
  Time since last request: 0.024282 seconds.
  path: Assets/Scripts/Player/Skills/Player Actions/UpgradeBeholderRadiusLevelData.cs
  artifactKey: Guid(baab3b9919a810c449c5da295f0b3ff3) Importer(815301076,1909f56bfc062723c751e8b465ee728b)
Start importing Assets/Scripts/Player/Skills/Player Actions/UpgradeBeholderRadiusLevelData.cs using Guid(baab3b9919a810c449c5da295f0b3ff3) Importer(815301076,1909f56bfc062723c751e8b465ee728b)  -> (artifact id: 'b741db6d8ac0388bd0dcd946f56f4aa0') in 0.006383 seconds 
  Import took 0.019433 seconds .

========================================================================
Received Import Request.
  Time since last request: 0.011419 seconds.
  path: Assets/Scripts/Player/Skills/Player Actions/UpgradeData.cs
  artifactKey: Guid(c9fed0f738ab9ee4eadbc0ef4aa1f980) Importer(815301076,1909f56bfc062723c751e8b465ee728b)
Start importing Assets/Scripts/Player/Skills/Player Actions/UpgradeData.cs using Guid(c9fed0f738ab9ee4eadbc0ef4aa1f980) Importer(815301076,1909f56bfc062723c751e8b465ee728b)  -> (artifact id: '89792b88586c4c9636841bc2ea557d99') in 0.005896 seconds 
  Import took 0.032989 seconds .

========================================================================
Received Import Request.
  Time since last request: 0.004608 seconds.
  path: Assets/Scripts/Player/Skills/Player Actions/UpgradePortalData.cs
  artifactKey: Guid(a9e99e994b7d40d2a8f138047322b87f) Importer(815301076,1909f56bfc062723c751e8b465ee728b)
Start importing Assets/Scripts/Player/Skills/Player Actions/UpgradePortalData.cs using Guid(a9e99e994b7d40d2a8f138047322b87f) Importer(815301076,1909f56bfc062723c751e8b465ee728b)  -> (artifact id: '5b095c109c942785ad8981cc714309e7') in 0.006083 seconds 
  Import took 0.030788 seconds .

========================================================================
Received Import Request.
  Time since last request: 0.009010 seconds.
  path: Assets/Scripts/Player/Skills/Player Actions/ZapData.cs
  artifactKey: Guid(16d9094c406a59d418e0b8758ffe2bcc) Importer(815301076,1909f56bfc062723c751e8b465ee728b)
Start importing Assets/Scripts/Player/Skills/Player Actions/ZapData.cs using Guid(16d9094c406a59d418e0b8758ffe2bcc) Importer(815301076,1909f56bfc062723c751e8b465ee728b)  -> (artifact id: '733983f055de2f4ef52e6dfa1abfd3d5') in 0.006012 seconds 
  Import took 0.019329 seconds .

========================================================================
Received Import Request.
  Time since last request: 0.008444 seconds.
  path: Assets/Scripts/Player/Skills/Player Actions/ZapData.cs
  artifactKey: Guid(16d9094c406a59d418e0b8758ffe2bcc) Importer(815301076,1909f56bfc062723c751e8b465ee728b)
Start importing Assets/Scripts/Player/Skills/Player Actions/ZapData.cs using Guid(16d9094c406a59d418e0b8758ffe2bcc) Importer(815301076,1909f56bfc062723c751e8b465ee728b)  -> (artifact id: '733983f055de2f4ef52e6dfa1abfd3d5') in 0.001776 seconds 
  Import took 0.015542 seconds .

========================================================================
Received Import Request.
  Time since last request: 68.841838 seconds.
  path: Assets/Localization/PlayerActionsNameAndDescription_Table.asset
  artifactKey: Guid(84b0ddf8d72a37840a768f3c81d500d8) Importer(815301076,1909f56bfc062723c751e8b465ee728b)
Start importing Assets/Localization/PlayerActionsNameAndDescription_Table.asset using Guid(84b0ddf8d72a37840a768f3c81d500d8) Importer(815301076,1909f56bfc062723c751e8b465ee728b)  -> (artifact id: 'd3ee99c48c05b42da92f3592e65bb309') in 0.018628 seconds 
  Import took 0.032041 seconds .

========================================================================
Received Import Request.
  Time since last request: 137.984828 seconds.
  path: Assets/Scripts/Player/Skills/Player Actions/PlayerAction.cs
  artifactKey: Guid(2b79ba94d91ecd148a0bcae03fe8d981) Importer(815301076,1909f56bfc062723c751e8b465ee728b)
Start importing Assets/Scripts/Player/Skills/Player Actions/PlayerAction.cs using Guid(2b79ba94d91ecd148a0bcae03fe8d981) Importer(815301076,1909f56bfc062723c751e8b465ee728b)  -> (artifact id: 'bf85f160eeb9768edadf713cb38b3fba') in 0.005630 seconds 
  Import took 0.035295 seconds .

========================================================================
Received Prepare
Registering precompiled user dll's ...
Registered in 0.009102 seconds.
Begin MonoManager ReloadAssembly
Native extension for WindowsStandalone target not found
Refreshing native plugins compatible for Editor in 2.03 ms, found 4 plugins.
Preloading 1 native plugins for Editor in 0.05 ms.
Mono: successfully reloaded assembly
- Completed reload, in  1.533 seconds
Platform modules already initialized, skipping
Shader 'Universal Render Pipeline/Particles/Lit': fallback shader 'Universal Render Pipeline/Particles/SimpleLit' not found
Refreshing native plugins compatible for Editor in 2.04 ms, found 4 plugins.
Preloading 1 native plugins for Editor in 0.04 ms.
Unloading 8120 Unused Serialized files (Serialized files now loaded: 0)
System memory in use before: 288.2 MB.
System memory in use after: 288.7 MB.

Unloading 72 unused Assets to reduce memory usage. Loaded Objects now: 8762.
Total: 7.189500 ms (FindLiveObjects: 0.689900 ms CreateObjectMapping: 0.511900 ms MarkObjects: 5.946600 ms  DeleteObjects: 0.039600 ms)

AssetImportParameters requested are different than current active one (requested -> active):
  custom:framework-win-MediaFoundation: 216162199b28c13a410421893ffa2e32 -> 
  custom:video-decoder-ogg-theora: a1e56fd34408186e4bbccfd4996cb3dc -> 
  custom:container-muxer-webm: aa71ff27fc2769a1b78a27578f13a17b -> 
  custom:container-demuxer-webm: 4f35f7cbe854078d1ac9338744f61a02 -> 
  custom:container-demuxer-ogg: 62fdf1f143b41e24485cea50d1cbac27 -> 
  custom:video-encoder-webm-vp8: eb34c28f22e8b96e1ab97ce403110664 -> 
  custom:video-codec-MediaFoundation-h265: 746d11721c4dcdbdad8f713fa42b33f4 -> 
  custom:video-decoder-webm-vp8: 9c59270c3fd7afecdb556c50c9e8de78 -> 
  custom:audio-decoder-ogg-vorbis: bf7c407c2cedff20999df2af8eb42d56 -> 
  custom:audio-encoder-webm-vorbis: bf7c407c2cedff20999df2af8eb42d56 -> 
========================================================================
Received Import Request.
  Time since last request: 25.750951 seconds.
  path: Assets/Scripts/Player/Skills/Player Actions/PlayerAction.cs
  artifactKey: Guid(2b79ba94d91ecd148a0bcae03fe8d981) Importer(815301076,1909f56bfc062723c751e8b465ee728b)
Start importing Assets/Scripts/Player/Skills/Player Actions/PlayerAction.cs using Guid(2b79ba94d91ecd148a0bcae03fe8d981) Importer(815301076,1909f56bfc062723c751e8b465ee728b)  -> (artifact id: '9eeb9b76af4fbc43dacb3e6f9f16fdf5') in 0.008669 seconds 
  Import took 0.040136 seconds .

========================================================================
Received Prepare
Registering precompiled user dll's ...
Registered in 0.009963 seconds.
Begin MonoManager ReloadAssembly
Native extension for WindowsStandalone target not found
Refreshing native plugins compatible for Editor in 2.14 ms, found 4 plugins.
Preloading 1 native plugins for Editor in 0.05 ms.
Mono: successfully reloaded assembly
- Completed reload, in  1.783 seconds
Platform modules already initialized, skipping
Shader 'Universal Render Pipeline/Particles/Lit': fallback shader 'Universal Render Pipeline/Particles/SimpleLit' not found
Refreshing native plugins compatible for Editor in 2.14 ms, found 4 plugins.
Preloading 1 native plugins for Editor in 0.04 ms.
Unloading 8120 Unused Serialized files (Serialized files now loaded: 0)
System memory in use before: 288.3 MB.
System memory in use after: 288.8 MB.

Unloading 72 unused Assets to reduce memory usage. Loaded Objects now: 8765.
Total: 8.081000 ms (FindLiveObjects: 1.104200 ms CreateObjectMapping: 0.572900 ms MarkObjects: 6.358600 ms  DeleteObjects: 0.044100 ms)

AssetImportParameters requested are different than current active one (requested -> active):
  custom:framework-win-MediaFoundation: 216162199b28c13a410421893ffa2e32 -> 
  custom:video-decoder-ogg-theora: a1e56fd34408186e4bbccfd4996cb3dc -> 
  custom:container-muxer-webm: aa71ff27fc2769a1b78a27578f13a17b -> 
  custom:container-demuxer-webm: 4f35f7cbe854078d1ac9338744f61a02 -> 
  custom:container-demuxer-ogg: 62fdf1f143b41e24485cea50d1cbac27 -> 
  custom:video-encoder-webm-vp8: eb34c28f22e8b96e1ab97ce403110664 -> 
  custom:video-codec-MediaFoundation-h265: 746d11721c4dcdbdad8f713fa42b33f4 -> 
  custom:video-decoder-webm-vp8: 9c59270c3fd7afecdb556c50c9e8de78 -> 
  custom:audio-decoder-ogg-vorbis: bf7c407c2cedff20999df2af8eb42d56 -> 
  custom:audio-encoder-webm-vorbis: bf7c407c2cedff20999df2af8eb42d56 -> 
========================================================================
Received Import Request.
  Time since last request: 38.359614 seconds.
  path: Assets/Scripts/Player/Skills/Player Actions/SchemeData.cs
  artifactKey: Guid(228ce1aaad71f0a498ac7a4e851f5b45) Importer(815301076,1909f56bfc062723c751e8b465ee728b)
Start importing Assets/Scripts/Player/Skills/Player Actions/SchemeData.cs using Guid(228ce1aaad71f0a498ac7a4e851f5b45) Importer(815301076,1909f56bfc062723c751e8b465ee728b)  -> (artifact id: '6f9ab94ae8014bbc23895b6e2d54aaea') in 0.009041 seconds 
  Import took 0.041429 seconds .

========================================================================
Received Import Request.
  Time since last request: 16.287099 seconds.
  path: Assets/Localization/DemonicStructuresNameAndDescription_Table.asset
  artifactKey: Guid(55125f509659e4a49b4760c8d7ced9cf) Importer(815301076,1909f56bfc062723c751e8b465ee728b)
Start importing Assets/Localization/DemonicStructuresNameAndDescription_Table.asset using Guid(55125f509659e4a49b4760c8d7ced9cf) Importer(815301076,1909f56bfc062723c751e8b465ee728b)  -> (artifact id: '4e4e73473a19a2186aa03334236ee8fb') in 0.018510 seconds 
  Import took 0.048792 seconds .

========================================================================
Received Import Request.
  Time since last request: 0.002833 seconds.
  path: Assets/Localization/DemonicStructuresNameAndDescription_Table.asset
  artifactKey: Guid(55125f509659e4a49b4760c8d7ced9cf) Importer(815301076,1909f56bfc062723c751e8b465ee728b)
Start importing Assets/Localization/DemonicStructuresNameAndDescription_Table.asset using Guid(55125f509659e4a49b4760c8d7ced9cf) Importer(815301076,1909f56bfc062723c751e8b465ee728b)  -> (artifact id: '4e4e73473a19a2186aa03334236ee8fb') in 0.004594 seconds 
  Import took 0.017418 seconds .

========================================================================
Received Import Request.
  Time since last request: 15.924662 seconds.
  path: Assets/Localization/SchemesNameAndDescription_Table.asset
  artifactKey: Guid(11735eadb8601ec409a0c241ac22aeeb) Importer(815301076,1909f56bfc062723c751e8b465ee728b)
Start importing Assets/Localization/SchemesNameAndDescription_Table.asset using Guid(11735eadb8601ec409a0c241ac22aeeb) Importer(815301076,1909f56bfc062723c751e8b465ee728b)  -> (artifact id: '5ac3ca4e5d35ba4ca047df9c67d10218') in 0.006184 seconds 
  Import took 0.033500 seconds .

========================================================================
Received Import Request.
  Time since last request: 0.000777 seconds.
  path: Assets/Localization/SchemesNameAndDescription_Table.asset
  artifactKey: Guid(11735eadb8601ec409a0c241ac22aeeb) Importer(815301076,1909f56bfc062723c751e8b465ee728b)
Start importing Assets/Localization/SchemesNameAndDescription_Table.asset using Guid(11735eadb8601ec409a0c241ac22aeeb) Importer(815301076,1909f56bfc062723c751e8b465ee728b)  -> (artifact id: '5ac3ca4e5d35ba4ca047df9c67d10218') in 0.003146 seconds 
  Import took 0.014852 seconds .

========================================================================
Received Import Request.
  Time since last request: 53.763170 seconds.
  path: Assets/Localization/PlayerActionsNameAndDescription_Table Shared Data.asset
  artifactKey: Guid(824d66bf7235b5243b5947daad480ff1) Importer(815301076,1909f56bfc062723c751e8b465ee728b)
Start importing Assets/Localization/PlayerActionsNameAndDescription_Table Shared Data.asset using Guid(824d66bf7235b5243b5947daad480ff1) Importer(815301076,1909f56bfc062723c751e8b465ee728b)  -> (artifact id: 'f8173ea66c68d8c04e66ab67aa34476e') in 0.010283 seconds 
  Import took 0.039797 seconds .

AssetImportWorkerClient::OnTransportError - code=2 error=End of file
