Using pre-set license
Built from '2020.3/release' branch; Version is '2020.3.12f1 (b3b2c6512326) revision 11776710'; Using compiler version '192528614'; Build Type 'Release'
OS: 'Windows 10 Pro; OS build 19042.1083; Version 2009; 64bit' Language: 'en' Physical Memory: 16319 MB
BatchMode: 1, IsHumanControllingUs: 0, StartBugReporterOnCrash: 0, Is64bit: 1, IsPro: 0

 COMMAND LINE ARGUMENTS:
C:\Program Files\Unity\Hub\Editor\2020.3.12f1\Editor\Unity.exe
-adb2
-batchMode
-noUpm
-name
AssetImportWorker0
-projectPath
D:/Documents/FlyingWhales
-logFile
Logs/AssetImportWorker0.log
-srvPort
60570
Successfully changed project path to: D:/Documents/FlyingWhales
D:/Documents/FlyingWhales
Using Asset Import Pipeline V2.
Refreshing native plugins compatible for Editor in 227.47 ms, found 4 plugins.
Preloading 1 native plugins for Editor in 0.92 ms.
Initialize engine version: 2020.3.12f1 (b3b2c6512326)
[Subsystems] Discovering subsystems at path C:/Program Files/Unity/Hub/Editor/2020.3.12f1/Editor/Data/Resources/UnitySubsystems
[Subsystems] Discovering subsystems at path D:/Documents/FlyingWhales/Assets
GfxDevice: creating device client; threaded=0
Direct3D:
    Version:  Direct3D 11.0 [level 11.1]
    Renderer: NVIDIA GeForce RTX 2060 SUPER (ID=0x1f06)
    Vendor:   
    VRAM:     8031 MB
    Driver:   27.21.14.6663
Shader 'Universal Render Pipeline/Particles/Lit': fallback shader 'Universal Render Pipeline/Particles/SimpleLit' not found
Initialize mono
Mono path[0] = 'C:/Program Files/Unity/Hub/Editor/2020.3.12f1/Editor/Data/Managed'
Mono path[1] = 'C:/Program Files/Unity/Hub/Editor/2020.3.12f1/Editor/Data/MonoBleedingEdge/lib/mono/unityjit'
Mono config path = 'C:/Program Files/Unity/Hub/Editor/2020.3.12f1/Editor/Data/MonoBleedingEdge/etc'
Using monoOptions --debugger-agent=transport=dt_socket,embedding=1,server=y,suspend=n,address=127.0.0.1:56656
Begin MonoManager ReloadAssembly
Registering precompiled unity dll's ...
Register platform support module: C:/Program Files/Unity/Hub/Editor/2020.3.12f1/Editor/Data/PlaybackEngines/WindowsStandaloneSupport/UnityEditor.WindowsStandalone.Extensions.dll
Registered in 0.002849 seconds.
Native extension for WindowsStandalone target not found
Refreshing native plugins compatible for Editor in 249.27 ms, found 4 plugins.
Preloading 1 native plugins for Editor in 0.04 ms.
Mono: successfully reloaded assembly
- Completed reload, in  2.823 seconds
Platform modules already initialized, skipping
Registering precompiled user dll's ...
Registered in 0.010952 seconds.
Begin MonoManager ReloadAssembly
Native extension for WindowsStandalone target not found
Refreshing native plugins compatible for Editor in 465.46 ms, found 4 plugins.
Preloading 1 native plugins for Editor in 0.04 ms.
Mono: successfully reloaded assembly
- Completed reload, in  2.398 seconds
Platform modules already initialized, skipping
========================================================================
Worker process is ready to serve import requests
Shader 'Universal Render Pipeline/Particles/Lit': fallback shader 'Universal Render Pipeline/Particles/SimpleLit' not found
Launched and connected shader compiler UnityShaderCompiler.exe after 0.08 seconds
Refreshing native plugins compatible for Editor in 2.19 ms, found 4 plugins.
Preloading 1 native plugins for Editor in 0.05 ms.
Unloading 8354 Unused Serialized files (Serialized files now loaded: 0)
System memory in use before: 304.4 MB.
System memory in use after: 304.9 MB.

Unloading 81 unused Assets to reduce memory usage. Loaded Objects now: 8756.
Total: 8.080900 ms (FindLiveObjects: 0.730500 ms CreateObjectMapping: 0.590500 ms MarkObjects: 6.651900 ms  DeleteObjects: 0.106500 ms)

AssetImportParameters requested are different than current active one (requested -> active):
  custom:framework-win-MediaFoundation: 216162199b28c13a410421893ffa2e32 -> 
  custom:video-decoder-ogg-theora: a1e56fd34408186e4bbccfd4996cb3dc -> 
  custom:container-muxer-webm: aa71ff27fc2769a1b78a27578f13a17b -> 
  custom:container-demuxer-webm: 4f35f7cbe854078d1ac9338744f61a02 -> 
  custom:container-demuxer-ogg: 62fdf1f143b41e24485cea50d1cbac27 -> 
  custom:video-encoder-webm-vp8: eb34c28f22e8b96e1ab97ce403110664 -> 
  custom:video-codec-MediaFoundation-h265: 746d11721c4dcdbdad8f713fa42b33f4 -> 
  custom:video-decoder-webm-vp8: 9c59270c3fd7afecdb556c50c9e8de78 -> 
  custom:audio-decoder-ogg-vorbis: bf7c407c2cedff20999df2af8eb42d56 -> 
  custom:audio-encoder-webm-vorbis: bf7c407c2cedff20999df2af8eb42d56 -> 
========================================================================
Received Import Request.
  path: Assets/Scripts/Player/Skills/Player Actions/DestroyStructureData.cs
  artifactKey: Guid(c041b172780f4f44b92ae4cc36d01310) Importer(815301076,1909f56bfc062723c751e8b465ee728b)
Start importing Assets/Scripts/Player/Skills/Player Actions/DestroyStructureData.cs using Guid(c041b172780f4f44b92ae4cc36d01310) Importer(815301076,1909f56bfc062723c751e8b465ee728b)  -> (artifact id: '039af6904472b3db0ae34714eb04d375') in 0.047414 seconds 
  Import took 0.093689 seconds .

========================================================================
Received Import Request.
  Time since last request: 53.379092 seconds.
  path: Assets/Scripts/Player/Skills/Player Actions/DrainSpiritData.cs
  artifactKey: Guid(b9c1e212909e4fb9ae2980ef9f77a353) Importer(815301076,1909f56bfc062723c751e8b465ee728b)
Start importing Assets/Scripts/Player/Skills/Player Actions/DrainSpiritData.cs using Guid(b9c1e212909e4fb9ae2980ef9f77a353) Importer(815301076,1909f56bfc062723c751e8b465ee728b)  -> (artifact id: '3f2830b40001e6469c912cc89d85cd40') in 0.006418 seconds 
  Import took 0.045646 seconds .

========================================================================
Received Import Request.
  Time since last request: 735.352449 seconds.
  path: Assets/Scripts/Player/Skills/Player Actions/SacrificeData.cs
  artifactKey: Guid(5a54731a64ec40d289587459b7e49717) Importer(815301076,1909f56bfc062723c751e8b465ee728b)
Start importing Assets/Scripts/Player/Skills/Player Actions/SacrificeData.cs using Guid(5a54731a64ec40d289587459b7e49717) Importer(815301076,1909f56bfc062723c751e8b465ee728b)  -> (artifact id: '3804bb21574dd53fde16e180aefe6cc8') in 0.006697 seconds 
  Import took 0.036775 seconds .

========================================================================
Received Import Request.
  Time since last request: 133.595870 seconds.
  path: Assets/Scripts/Player/Skills/Player Actions/SeizeMonsterData.cs
  artifactKey: Guid(346dcdc1b464d064f962dd723d322578) Importer(815301076,1909f56bfc062723c751e8b465ee728b)
Start importing Assets/Scripts/Player/Skills/Player Actions/SeizeMonsterData.cs using Guid(346dcdc1b464d064f962dd723d322578) Importer(815301076,1909f56bfc062723c751e8b465ee728b)  -> (artifact id: '30190f941d9bae8faf6825bca26ebb0e') in 0.006146 seconds 
  Import took 0.037118 seconds .

========================================================================
Received Import Request.
  Time since last request: 428.139033 seconds.
  path: Assets/Scripts/Player/Skills/Player Actions/UpgradeAbilitiesData.cs
  artifactKey: Guid(b16f40d8381745b4a726ce88bde0ad0e) Importer(815301076,1909f56bfc062723c751e8b465ee728b)
Start importing Assets/Scripts/Player/Skills/Player Actions/UpgradeAbilitiesData.cs using Guid(b16f40d8381745b4a726ce88bde0ad0e) Importer(815301076,1909f56bfc062723c751e8b465ee728b)  -> (artifact id: '76977553f2d25c3788ea9ccdb080f777') in 0.006012 seconds 
  Import took 0.032340 seconds .

========================================================================
Received Prepare
Registering precompiled user dll's ...
Registered in 0.012384 seconds.
Begin MonoManager ReloadAssembly
Native extension for WindowsStandalone target not found
Refreshing native plugins compatible for Editor in 2.09 ms, found 4 plugins.
Preloading 1 native plugins for Editor in 0.05 ms.
Mono: successfully reloaded assembly
- Completed reload, in  1.934 seconds
Platform modules already initialized, skipping
Shader 'Universal Render Pipeline/Particles/Lit': fallback shader 'Universal Render Pipeline/Particles/SimpleLit' not found
Refreshing native plugins compatible for Editor in 5.00 ms, found 4 plugins.
Preloading 1 native plugins for Editor in 0.05 ms.
Unloading 8120 Unused Serialized files (Serialized files now loaded: 0)
System memory in use before: 287.8 MB.
System memory in use after: 288.3 MB.

Unloading 72 unused Assets to reduce memory usage. Loaded Objects now: 8759.
Total: 8.097900 ms (FindLiveObjects: 0.806100 ms CreateObjectMapping: 0.784400 ms MarkObjects: 6.462000 ms  DeleteObjects: 0.044000 ms)

AssetImportParameters requested are different than current active one (requested -> active):
  custom:framework-win-MediaFoundation: 216162199b28c13a410421893ffa2e32 -> 
  custom:video-decoder-ogg-theora: a1e56fd34408186e4bbccfd4996cb3dc -> 
  custom:container-muxer-webm: aa71ff27fc2769a1b78a27578f13a17b -> 
  custom:container-demuxer-webm: 4f35f7cbe854078d1ac9338744f61a02 -> 
  custom:container-demuxer-ogg: 62fdf1f143b41e24485cea50d1cbac27 -> 
  custom:video-encoder-webm-vp8: eb34c28f22e8b96e1ab97ce403110664 -> 
  custom:video-codec-MediaFoundation-h265: 746d11721c4dcdbdad8f713fa42b33f4 -> 
  custom:video-decoder-webm-vp8: 9c59270c3fd7afecdb556c50c9e8de78 -> 
  custom:audio-decoder-ogg-vorbis: bf7c407c2cedff20999df2af8eb42d56 -> 
  custom:audio-encoder-webm-vorbis: bf7c407c2cedff20999df2af8eb42d56 -> 
========================================================================
Received Prepare
Registering precompiled user dll's ...
Registered in 0.014155 seconds.
Begin MonoManager ReloadAssembly
Native extension for WindowsStandalone target not found
Refreshing native plugins compatible for Editor in 2.14 ms, found 4 plugins.
Preloading 1 native plugins for Editor in 0.05 ms.
Mono: successfully reloaded assembly
- Completed reload, in  1.774 seconds
Platform modules already initialized, skipping
Shader 'Universal Render Pipeline/Particles/Lit': fallback shader 'Universal Render Pipeline/Particles/SimpleLit' not found
Refreshing native plugins compatible for Editor in 2.05 ms, found 4 plugins.
Preloading 1 native plugins for Editor in 0.04 ms.
Unloading 8120 Unused Serialized files (Serialized files now loaded: 0)
System memory in use before: 288.0 MB.
System memory in use after: 288.5 MB.

Unloading 72 unused Assets to reduce memory usage. Loaded Objects now: 8762.
Total: 8.133700 ms (FindLiveObjects: 0.983200 ms CreateObjectMapping: 0.716600 ms MarkObjects: 6.388300 ms  DeleteObjects: 0.043900 ms)

AssetImportParameters requested are different than current active one (requested -> active):
  custom:framework-win-MediaFoundation: 216162199b28c13a410421893ffa2e32 -> 
  custom:video-decoder-ogg-theora: a1e56fd34408186e4bbccfd4996cb3dc -> 
  custom:container-muxer-webm: aa71ff27fc2769a1b78a27578f13a17b -> 
  custom:container-demuxer-webm: 4f35f7cbe854078d1ac9338744f61a02 -> 
  custom:container-demuxer-ogg: 62fdf1f143b41e24485cea50d1cbac27 -> 
  custom:video-encoder-webm-vp8: eb34c28f22e8b96e1ab97ce403110664 -> 
  custom:video-codec-MediaFoundation-h265: 746d11721c4dcdbdad8f713fa42b33f4 -> 
  custom:video-decoder-webm-vp8: 9c59270c3fd7afecdb556c50c9e8de78 -> 
  custom:audio-decoder-ogg-vorbis: bf7c407c2cedff20999df2af8eb42d56 -> 
  custom:audio-encoder-webm-vorbis: bf7c407c2cedff20999df2af8eb42d56 -> 
========================================================================
Received Import Request.
  Time since last request: 265.543147 seconds.
  path: Assets/Scripts/Player/Skills/Afflictions/PlagueData.cs
  artifactKey: Guid(87a2cc3ea2faea04c9f3bc2eae048546) Importer(815301076,1909f56bfc062723c751e8b465ee728b)
Start importing Assets/Scripts/Player/Skills/Afflictions/PlagueData.cs using Guid(87a2cc3ea2faea04c9f3bc2eae048546) Importer(815301076,1909f56bfc062723c751e8b465ee728b)  -> (artifact id: 'c0ab825502e379234fccb7eeabcfa073') in 0.013049 seconds 
  Import took 0.046111 seconds .

========================================================================
Received Import Request.
  Time since last request: 30.112403 seconds.
  path: Assets/Localization/PlayerActionsNameAndDescription_Table_en.asset
  artifactKey: Guid(ba2dbc09d6bdac448b907eb066418bea) Importer(815301076,1909f56bfc062723c751e8b465ee728b)
Start importing Assets/Localization/PlayerActionsNameAndDescription_Table_en.asset using Guid(ba2dbc09d6bdac448b907eb066418bea) Importer(815301076,1909f56bfc062723c751e8b465ee728b)  -> (artifact id: 'c8fb772b03bac76657eee35f19e83954') in 0.025384 seconds 
  Import took 0.062501 seconds .

========================================================================
Received Prepare
Registering precompiled user dll's ...
Registered in 0.010002 seconds.
Begin MonoManager ReloadAssembly
Native extension for WindowsStandalone target not found
Refreshing native plugins compatible for Editor in 2.54 ms, found 4 plugins.
Preloading 1 native plugins for Editor in 0.05 ms.
Mono: successfully reloaded assembly
- Completed reload, in  1.609 seconds
Platform modules already initialized, skipping
Shader 'Universal Render Pipeline/Particles/Lit': fallback shader 'Universal Render Pipeline/Particles/SimpleLit' not found
Refreshing native plugins compatible for Editor in 2.38 ms, found 4 plugins.
Preloading 1 native plugins for Editor in 0.05 ms.
Unloading 8120 Unused Serialized files (Serialized files now loaded: 0)
System memory in use before: 288.0 MB.
System memory in use after: 288.5 MB.

Unloading 72 unused Assets to reduce memory usage. Loaded Objects now: 8765.
Total: 8.675500 ms (FindLiveObjects: 1.047900 ms CreateObjectMapping: 1.105800 ms MarkObjects: 6.474700 ms  DeleteObjects: 0.045400 ms)

AssetImportParameters requested are different than current active one (requested -> active):
  custom:framework-win-MediaFoundation: 216162199b28c13a410421893ffa2e32 -> 
  custom:video-decoder-ogg-theora: a1e56fd34408186e4bbccfd4996cb3dc -> 
  custom:container-muxer-webm: aa71ff27fc2769a1b78a27578f13a17b -> 
  custom:container-demuxer-webm: 4f35f7cbe854078d1ac9338744f61a02 -> 
  custom:container-demuxer-ogg: 62fdf1f143b41e24485cea50d1cbac27 -> 
  custom:video-encoder-webm-vp8: eb34c28f22e8b96e1ab97ce403110664 -> 
  custom:video-codec-MediaFoundation-h265: 746d11721c4dcdbdad8f713fa42b33f4 -> 
  custom:video-decoder-webm-vp8: 9c59270c3fd7afecdb556c50c9e8de78 -> 
  custom:audio-decoder-ogg-vorbis: bf7c407c2cedff20999df2af8eb42d56 -> 
  custom:audio-encoder-webm-vorbis: bf7c407c2cedff20999df2af8eb42d56 -> 
========================================================================
Received Import Request.
  Time since last request: 552.103068 seconds.
  path: Assets/Scripts/Player/Skills/Player Actions/UpgradeBeholderEyeLevelData.cs
  artifactKey: Guid(486f5a054d5d60446b6e08a76538549e) Importer(815301076,1909f56bfc062723c751e8b465ee728b)
Start importing Assets/Scripts/Player/Skills/Player Actions/UpgradeBeholderEyeLevelData.cs using Guid(486f5a054d5d60446b6e08a76538549e) Importer(815301076,1909f56bfc062723c751e8b465ee728b)  -> (artifact id: 'cc4370f8a32a7c6302ed65d668d71ccc') in 0.014801 seconds 
  Import took 0.029584 seconds .

========================================================================
Received Prepare
Registering precompiled user dll's ...
Registered in 0.013776 seconds.
Begin MonoManager ReloadAssembly
Native extension for WindowsStandalone target not found
Refreshing native plugins compatible for Editor in 2.17 ms, found 4 plugins.
Preloading 1 native plugins for Editor in 0.05 ms.
Mono: successfully reloaded assembly
- Completed reload, in  2.082 seconds
Platform modules already initialized, skipping
Shader 'Universal Render Pipeline/Particles/Lit': fallback shader 'Universal Render Pipeline/Particles/SimpleLit' not found
Refreshing native plugins compatible for Editor in 2.23 ms, found 4 plugins.
Preloading 1 native plugins for Editor in 0.05 ms.
Unloading 8120 Unused Serialized files (Serialized files now loaded: 0)
System memory in use before: 288.1 MB.
System memory in use after: 288.6 MB.

Unloading 72 unused Assets to reduce memory usage. Loaded Objects now: 8768.
Total: 9.470600 ms (FindLiveObjects: 0.884000 ms CreateObjectMapping: 0.850800 ms MarkObjects: 7.689400 ms  DeleteObjects: 0.045200 ms)

AssetImportParameters requested are different than current active one (requested -> active):
  custom:framework-win-MediaFoundation: 216162199b28c13a410421893ffa2e32 -> 
  custom:video-decoder-ogg-theora: a1e56fd34408186e4bbccfd4996cb3dc -> 
  custom:container-muxer-webm: aa71ff27fc2769a1b78a27578f13a17b -> 
  custom:container-demuxer-webm: 4f35f7cbe854078d1ac9338744f61a02 -> 
  custom:container-demuxer-ogg: 62fdf1f143b41e24485cea50d1cbac27 -> 
  custom:video-encoder-webm-vp8: eb34c28f22e8b96e1ab97ce403110664 -> 
  custom:video-codec-MediaFoundation-h265: 746d11721c4dcdbdad8f713fa42b33f4 -> 
  custom:video-decoder-webm-vp8: 9c59270c3fd7afecdb556c50c9e8de78 -> 
  custom:audio-decoder-ogg-vorbis: bf7c407c2cedff20999df2af8eb42d56 -> 
  custom:audio-encoder-webm-vorbis: bf7c407c2cedff20999df2af8eb42d56 -> 
========================================================================
Received Import Request.
  Time since last request: 69.867077 seconds.
  path: Assets/Scripts/Player/Skills/Player Actions/UpgradeBeholderRadiusLevelData.cs
  artifactKey: Guid(baab3b9919a810c449c5da295f0b3ff3) Importer(815301076,1909f56bfc062723c751e8b465ee728b)
Start importing Assets/Scripts/Player/Skills/Player Actions/UpgradeBeholderRadiusLevelData.cs using Guid(baab3b9919a810c449c5da295f0b3ff3) Importer(815301076,1909f56bfc062723c751e8b465ee728b)  -> (artifact id: 'b082f645c081a7c5eae8ae172703fd8a') in 0.017820 seconds 
  Import took 0.050230 seconds .

========================================================================
Received Prepare
Registering precompiled user dll's ...
Registered in 0.011890 seconds.
Begin MonoManager ReloadAssembly
Native extension for WindowsStandalone target not found
Refreshing native plugins compatible for Editor in 2.11 ms, found 4 plugins.
Preloading 1 native plugins for Editor in 0.05 ms.
Mono: successfully reloaded assembly
- Completed reload, in  1.759 seconds
Platform modules already initialized, skipping
Shader 'Universal Render Pipeline/Particles/Lit': fallback shader 'Universal Render Pipeline/Particles/SimpleLit' not found
Refreshing native plugins compatible for Editor in 2.37 ms, found 4 plugins.
Preloading 1 native plugins for Editor in 0.05 ms.
Unloading 8120 Unused Serialized files (Serialized files now loaded: 0)
System memory in use before: 288.1 MB.
System memory in use after: 288.6 MB.

Unloading 72 unused Assets to reduce memory usage. Loaded Objects now: 8771.
Total: 7.508000 ms (FindLiveObjects: 0.738300 ms CreateObjectMapping: 0.589500 ms MarkObjects: 6.134700 ms  DeleteObjects: 0.044300 ms)

AssetImportParameters requested are different than current active one (requested -> active):
  custom:framework-win-MediaFoundation: 216162199b28c13a410421893ffa2e32 -> 
  custom:video-decoder-ogg-theora: a1e56fd34408186e4bbccfd4996cb3dc -> 
  custom:container-muxer-webm: aa71ff27fc2769a1b78a27578f13a17b -> 
  custom:container-demuxer-webm: 4f35f7cbe854078d1ac9338744f61a02 -> 
  custom:container-demuxer-ogg: 62fdf1f143b41e24485cea50d1cbac27 -> 
  custom:video-encoder-webm-vp8: eb34c28f22e8b96e1ab97ce403110664 -> 
  custom:video-codec-MediaFoundation-h265: 746d11721c4dcdbdad8f713fa42b33f4 -> 
  custom:video-decoder-webm-vp8: 9c59270c3fd7afecdb556c50c9e8de78 -> 
  custom:audio-decoder-ogg-vorbis: bf7c407c2cedff20999df2af8eb42d56 -> 
  custom:audio-encoder-webm-vorbis: bf7c407c2cedff20999df2af8eb42d56 -> 
========================================================================
Received Prepare
Registering precompiled user dll's ...
Registered in 0.009895 seconds.
Begin MonoManager ReloadAssembly
Native extension for WindowsStandalone target not found
Refreshing native plugins compatible for Editor in 2.06 ms, found 4 plugins.
Preloading 1 native plugins for Editor in 0.05 ms.
Mono: successfully reloaded assembly
- Completed reload, in  1.820 seconds
Platform modules already initialized, skipping
Shader 'Universal Render Pipeline/Particles/Lit': fallback shader 'Universal Render Pipeline/Particles/SimpleLit' not found
Refreshing native plugins compatible for Editor in 2.37 ms, found 4 plugins.
Preloading 1 native plugins for Editor in 0.04 ms.
Unloading 8120 Unused Serialized files (Serialized files now loaded: 0)
System memory in use before: 288.1 MB.
System memory in use after: 288.6 MB.

Unloading 72 unused Assets to reduce memory usage. Loaded Objects now: 8774.
Total: 7.596100 ms (FindLiveObjects: 0.688700 ms CreateObjectMapping: 0.461100 ms MarkObjects: 6.401900 ms  DeleteObjects: 0.043200 ms)

AssetImportParameters requested are different than current active one (requested -> active):
  custom:framework-win-MediaFoundation: 216162199b28c13a410421893ffa2e32 -> 
  custom:video-decoder-ogg-theora: a1e56fd34408186e4bbccfd4996cb3dc -> 
  custom:container-muxer-webm: aa71ff27fc2769a1b78a27578f13a17b -> 
  custom:container-demuxer-webm: 4f35f7cbe854078d1ac9338744f61a02 -> 
  custom:container-demuxer-ogg: 62fdf1f143b41e24485cea50d1cbac27 -> 
  custom:video-encoder-webm-vp8: eb34c28f22e8b96e1ab97ce403110664 -> 
  custom:video-codec-MediaFoundation-h265: 746d11721c4dcdbdad8f713fa42b33f4 -> 
  custom:video-decoder-webm-vp8: 9c59270c3fd7afecdb556c50c9e8de78 -> 
  custom:audio-decoder-ogg-vorbis: bf7c407c2cedff20999df2af8eb42d56 -> 
  custom:audio-encoder-webm-vorbis: bf7c407c2cedff20999df2af8eb42d56 -> 
========================================================================
Received Import Request.
  Time since last request: 626.630484 seconds.
  path: Assets/Scripts/Quests/Steps/PlayerActionContextMenuShown.cs
  artifactKey: Guid(524b8b232bb54536b42db02e7b565a79) Importer(815301076,1909f56bfc062723c751e8b465ee728b)
Start importing Assets/Scripts/Quests/Steps/PlayerActionContextMenuShown.cs using Guid(524b8b232bb54536b42db02e7b565a79) Importer(815301076,1909f56bfc062723c751e8b465ee728b)  -> (artifact id: '5f97e1443bee1e3d267c2b2974440cf7') in 0.016891 seconds 
  Import took 0.052838 seconds .

========================================================================
Received Prepare
Registering precompiled user dll's ...
Registered in 0.022250 seconds.
Begin MonoManager ReloadAssembly
Native extension for WindowsStandalone target not found
Refreshing native plugins compatible for Editor in 2.06 ms, found 4 plugins.
Preloading 1 native plugins for Editor in 0.05 ms.
Mono: successfully reloaded assembly
- Completed reload, in  1.613 seconds
Platform modules already initialized, skipping
Shader 'Universal Render Pipeline/Particles/Lit': fallback shader 'Universal Render Pipeline/Particles/SimpleLit' not found
Refreshing native plugins compatible for Editor in 2.05 ms, found 4 plugins.
Preloading 1 native plugins for Editor in 0.04 ms.
Unloading 8120 Unused Serialized files (Serialized files now loaded: 0)
System memory in use before: 288.1 MB.
System memory in use after: 288.6 MB.

Unloading 72 unused Assets to reduce memory usage. Loaded Objects now: 8777.
Total: 7.211900 ms (FindLiveObjects: 0.666500 ms CreateObjectMapping: 0.488700 ms MarkObjects: 5.976000 ms  DeleteObjects: 0.079800 ms)

AssetImportParameters requested are different than current active one (requested -> active):
  custom:framework-win-MediaFoundation: 216162199b28c13a410421893ffa2e32 -> 
  custom:video-decoder-ogg-theora: a1e56fd34408186e4bbccfd4996cb3dc -> 
  custom:container-muxer-webm: aa71ff27fc2769a1b78a27578f13a17b -> 
  custom:container-demuxer-webm: 4f35f7cbe854078d1ac9338744f61a02 -> 
  custom:container-demuxer-ogg: 62fdf1f143b41e24485cea50d1cbac27 -> 
  custom:video-encoder-webm-vp8: eb34c28f22e8b96e1ab97ce403110664 -> 
  custom:video-codec-MediaFoundation-h265: 746d11721c4dcdbdad8f713fa42b33f4 -> 
  custom:video-decoder-webm-vp8: 9c59270c3fd7afecdb556c50c9e8de78 -> 
  custom:audio-decoder-ogg-vorbis: bf7c407c2cedff20999df2af8eb42d56 -> 
  custom:audio-encoder-webm-vorbis: bf7c407c2cedff20999df2af8eb42d56 -> 
========================================================================
Received Prepare
Registering precompiled user dll's ...
Registered in 0.010223 seconds.
Begin MonoManager ReloadAssembly
Native extension for WindowsStandalone target not found
Refreshing native plugins compatible for Editor in 2.26 ms, found 4 plugins.
Preloading 1 native plugins for Editor in 0.05 ms.
Mono: successfully reloaded assembly
- Completed reload, in  1.667 seconds
Platform modules already initialized, skipping
Shader 'Universal Render Pipeline/Particles/Lit': fallback shader 'Universal Render Pipeline/Particles/SimpleLit' not found
Refreshing native plugins compatible for Editor in 2.78 ms, found 4 plugins.
Preloading 1 native plugins for Editor in 0.04 ms.
Unloading 8120 Unused Serialized files (Serialized files now loaded: 0)
System memory in use before: 288.1 MB.
System memory in use after: 288.6 MB.

Unloading 72 unused Assets to reduce memory usage. Loaded Objects now: 8780.
Total: 8.201800 ms (FindLiveObjects: 0.838400 ms CreateObjectMapping: 0.663800 ms MarkObjects: 6.653500 ms  DeleteObjects: 0.044800 ms)

AssetImportParameters requested are different than current active one (requested -> active):
  custom:framework-win-MediaFoundation: 216162199b28c13a410421893ffa2e32 -> 
  custom:video-decoder-ogg-theora: a1e56fd34408186e4bbccfd4996cb3dc -> 
  custom:container-muxer-webm: aa71ff27fc2769a1b78a27578f13a17b -> 
  custom:container-demuxer-webm: 4f35f7cbe854078d1ac9338744f61a02 -> 
  custom:container-demuxer-ogg: 62fdf1f143b41e24485cea50d1cbac27 -> 
  custom:video-encoder-webm-vp8: eb34c28f22e8b96e1ab97ce403110664 -> 
  custom:video-codec-MediaFoundation-h265: 746d11721c4dcdbdad8f713fa42b33f4 -> 
  custom:video-decoder-webm-vp8: 9c59270c3fd7afecdb556c50c9e8de78 -> 
  custom:audio-decoder-ogg-vorbis: bf7c407c2cedff20999df2af8eb42d56 -> 
  custom:audio-encoder-webm-vorbis: bf7c407c2cedff20999df2af8eb42d56 -> 
========================================================================
Received Import Request.
  Time since last request: 166.762471 seconds.
  path: Assets/Scripts/Player/Skills/Player Actions/AfflictData.cs
  artifactKey: Guid(8071745e0a1728e4bbe66184f4bae4ab) Importer(815301076,1909f56bfc062723c751e8b465ee728b)
Start importing Assets/Scripts/Player/Skills/Player Actions/AfflictData.cs using Guid(8071745e0a1728e4bbe66184f4bae4ab) Importer(815301076,1909f56bfc062723c751e8b465ee728b)  -> (artifact id: 'fa4b677e12d95571cae8faeffae31e18') in 0.018260 seconds 
  Import took 0.064662 seconds .

